<?xml version="1.0" encoding="UTF-8"?>
<testng-results ignored="0" total="2" passed="2" failed="0" skipped="0">
  <reporter-output>
  </reporter-output>
  <suite started-at="2023-08-04T12:14:07 IST" name="Suite" finished-at="2023-08-04T12:14:32 IST" duration-ms="25429">
    <groups>
    </groups>
    <test started-at="2023-08-04T12:14:07 IST" name="Test" finished-at="2023-08-04T12:14:32 IST" duration-ms="25429">
      <class name="testcases.SearchTestCases">
        <test-method is-config="true" signature="LaunchBrowserandUrl()[pri:0, instance:testcases.SearchTestCases@34a3d150]" started-at="2023-08-04T12:14:07 IST" name="LaunchBrowserandUrl" finished-at="2023-08-04T12:14:12 IST" duration-ms="5295" status="PASS">
          <reporter-output>
          </reporter-output>
        </test-method> <!-- LaunchBrowserandUrl -->
        <test-method signature="Search()[pri:0, instance:testcases.SearchTestCases@34a3d150]" started-at="2023-08-04T12:14:12 IST" name="Search" finished-at="2023-08-04T12:14:24 IST" duration-ms="12065" status="PASS">
          <reporter-output>
          </reporter-output>
        </test-method> <!-- Search -->
      </class> <!-- testcases.SearchTestCases -->
      <class name="testcases.logintestcases">
        <test-method is-config="true" signature="LaunchBrowserandUrl()[pri:0, instance:testcases.logintestcases@28701274]" started-at="2023-08-04T12:14:24 IST" name="LaunchBrowserandUrl" finished-at="2023-08-04T12:14:30 IST" duration-ms="5923" status="PASS">
          <reporter-output>
          </reporter-output>
        </test-method> <!-- LaunchBrowserandUrl -->
        <test-method signature="Login()[pri:0, instance:testcases.logintestcases@28701274]" started-at="2023-08-04T12:14:30 IST" name="Login" finished-at="2023-08-04T12:14:32 IST" duration-ms="2049" status="PASS">
          <reporter-output>
          </reporter-output>
        </test-method> <!-- Login -->
      </class> <!-- testcases.logintestcases -->
    </test> <!-- Test -->
  </suite> <!-- Suite -->
</testng-results>
